Determining if the pthread_create exist failed with the following output:
Change Dir: /home/pzx/pzx_git/third/ros/pzx_second_ros/build/CMakeFiles/CMakeTmp

Run Build Command:"/usr/bin/make" "cmTC_94b2e/fast"
/usr/bin/make -f CMakeFiles/cmTC_94b2e.dir/build.make CMakeFiles/cmTC_94b2e.dir/build
make[1]: Entering directory '/home/pzx/pzx_git/third/ros/pzx_second_ros/build/CMakeFiles/CMakeTmp'
Building C object CMakeFiles/cmTC_94b2e.dir/CheckSymbolExists.c.o
/usr/bin/cc    -o CMakeFiles/cmTC_94b2e.dir/CheckSymbolExists.c.o   -c /home/pzx/pzx_git/third/ros/pzx_second_ros/build/CMakeFiles/CMakeTmp/CheckSymbolExists.c
Linking C executable cmTC_94b2e
/usr/bin/cmake -E cmake_link_script CMakeFiles/cmTC_94b2e.dir/link.txt --verbose=1
/usr/bin/cc      -rdynamic CMakeFiles/cmTC_94b2e.dir/CheckSymbolExists.c.o  -o cmTC_94b2e 
CMakeFiles/cmTC_94b2e.dir/CheckSymbolExists.c.o: In function `main':
CheckSymbolExists.c:(.text+0x1b): undefined reference to `pthread_create'
collect2: error: ld returned 1 exit status
CMakeFiles/cmTC_94b2e.dir/build.make:97: recipe for target 'cmTC_94b2e' failed
make[1]: *** [cmTC_94b2e] Error 1
make[1]: Leaving directory '/home/pzx/pzx_git/third/ros/pzx_second_ros/build/CMakeFiles/CMakeTmp'
Makefile:126: recipe for target 'cmTC_94b2e/fast' failed
make: *** [cmTC_94b2e/fast] Error 2

File /home/pzx/pzx_git/third/ros/pzx_second_ros/build/CMakeFiles/CMakeTmp/CheckSymbolExists.c:
/* */
#include <pthread.h>

int main(int argc, char** argv)
{
  (void)argv;
#ifndef pthread_create
  return ((int*)(&pthread_create))[argc];
#else
  (void)argc;
  return 0;
#endif
}

Determining if the function pthread_create exists in the pthreads failed with the following output:
Change Dir: /home/pzx/pzx_git/third/ros/pzx_second_ros/build/CMakeFiles/CMakeTmp

Run Build Command:"/usr/bin/make" "cmTC_76f9b/fast"
/usr/bin/make -f CMakeFiles/cmTC_76f9b.dir/build.make CMakeFiles/cmTC_76f9b.dir/build
make[1]: Entering directory '/home/pzx/pzx_git/third/ros/pzx_second_ros/build/CMakeFiles/CMakeTmp'
Building C object CMakeFiles/cmTC_76f9b.dir/CheckFunctionExists.c.o
/usr/bin/cc   -DCHECK_FUNCTION_EXISTS=pthread_create   -o CMakeFiles/cmTC_76f9b.dir/CheckFunctionExists.c.o   -c /usr/share/cmake-3.10/Modules/CheckFunctionExists.c
Linking C executable cmTC_76f9b
/usr/bin/cmake -E cmake_link_script CMakeFiles/cmTC_76f9b.dir/link.txt --verbose=1
/usr/bin/cc  -DCHECK_FUNCTION_EXISTS=pthread_create    -rdynamic CMakeFiles/cmTC_76f9b.dir/CheckFunctionExists.c.o  -o cmTC_76f9b -lpthreads 
/usr/bin/ld: cannot find -lpthreads
collect2: error: ld returned 1 exit status
CMakeFiles/cmTC_76f9b.dir/build.make:97: recipe for target 'cmTC_76f9b' failed
make[1]: *** [cmTC_76f9b] Error 1
make[1]: Leaving directory '/home/pzx/pzx_git/third/ros/pzx_second_ros/build/CMakeFiles/CMakeTmp'
Makefile:126: recipe for target 'cmTC_76f9b/fast' failed
make: *** [cmTC_76f9b/fast] Error 2


